\BOOKMARK [1][-]{section.1}{Industry overview}{}% 1
\BOOKMARK [1][-]{section.2}{Mobility networks}{}% 2
\BOOKMARK [2][-]{subsection.2.1}{First generation e-mobility: autonomy and connectivity}{section.2}% 3
\BOOKMARK [2][-]{subsection.2.2}{Second generation e-mobility: technology integration and scalability}{section.2}% 4
\BOOKMARK [2][-]{subsection.2.3}{Energy-to-grid platforms}{section.2}% 5
\BOOKMARK [2][-]{subsection.2.4}{Regulation}{section.2}% 6
\BOOKMARK [3][-]{subsubsection.2.4.1}{Deregulating energy markets}{subsection.2.4}% 7
\BOOKMARK [3][-]{subsubsection.2.4.2}{Regulating EV limits but energy production?}{subsection.2.4}% 8
\BOOKMARK [1][-]{section.3}{EV: from autonomy to production and storage design}{}% 9
\BOOKMARK [2][-]{subsection.3.1}{Estimations autonomy}{section.3}% 10
\BOOKMARK [2][-]{subsection.3.2}{Estimations per capita energy production}{section.3}% 11
\BOOKMARK [2][-]{subsection.3.3}{EV designed for maximum autonomy}{section.3}% 12
\BOOKMARK [2][-]{subsection.3.4}{EV designed for energy production and storage}{section.3}% 13
\BOOKMARK [1][-]{section.4}{Testnet: Decentralized ebike-energy-to-grid platform \(DEEP\)}{}% 14
\BOOKMARK [1][-]{section.5}{Roadmap}{}% 15
\BOOKMARK [1][-]{section.6}{Boxes}{}% 16
\BOOKMARK [1][-]{section.7}{Figures}{}% 17
\BOOKMARK [1][-]{section.8}{FAQ}{}% 18
\BOOKMARK [1][-]{section.9}{Acknowledgements}{}% 19
\BOOKMARK [1][-]{section.10}{References}{}% 20
